<?xml version="1.0" encoding="UTF-8"?>
<!-- Generated by org.testng.reporters.JUnitReportReporter -->
<testsuite hostname="vaibhav" name="FrameworkBuilding.E2E_Project.LoginPageTestCases" tests="2" failures="0" timestamp="28 Jun 2021 08:49:10 GMT" time="28.178" errors="0">
  <testcase name="LoginPageUnautorizedAccessTest" time="18.979" classname="FrameworkBuilding.E2E_Project.LoginPageTestCases"/>
  <testcase name="LoginPageUnautorizedAccessTest" time="9.199" classname="FrameworkBuilding.E2E_Project.LoginPageTestCases"/>
</testsuite> <!-- FrameworkBuilding.E2E_Project.LoginPageTestCases -->
