<?xml version="1.0" encoding="UTF-8"?>
<!-- Generated by org.testng.reporters.JUnitReportReporter -->
<testsuite skipped="0" hostname="DESKTOP-AN1HL9O" name="FrameworkBuilding.E2E_Project.HomePageNavBarTest" tests="1" failures="0" timestamp="29 May 2021 07:33:39 GMT" time="0.245" errors="0">
  <testcase name="checkNavBarAvailable" time="0.245" classname="FrameworkBuilding.E2E_Project.HomePageNavBarTest"/>
</testsuite> <!-- FrameworkBuilding.E2E_Project.HomePageNavBarTest -->
