<?xml version="1.0" encoding="UTF-8"?>
<!-- Generated by org.testng.reporters.JUnitReportReporter -->
<testsuite hostname="vaibhav" name="FrameworkBuilding.E2E_Project.LoginPageTestCases" tests="2" failures="0" timestamp="28 Jun 2021 07:42:12 GMT" time="41.061" errors="0">
  <testcase name="LoginPageUnautorizedAccessTest" time="29.797" classname="FrameworkBuilding.E2E_Project.LoginPageTestCases"/>
  <testcase name="LoginPageUnautorizedAccessTest" time="11.264" classname="FrameworkBuilding.E2E_Project.LoginPageTestCases"/>
</testsuite> <!-- FrameworkBuilding.E2E_Project.LoginPageTestCases -->
