<?xml version="1.0" encoding="UTF-8"?>
<!-- Generated by org.testng.reporters.JUnitReportReporter -->
<testsuite hostname="DESKTOP-AN1HL9O" name="FrameworkBuilding.E2E_Project.LoginPageTestCases" tests="2" failures="0" timestamp="31 May 2021 14:18:26 GMT" time="48.262" errors="0">
  <testcase name="LoginPageUnautorizedAccessTest" time="41.327" classname="FrameworkBuilding.E2E_Project.LoginPageTestCases"/>
  <testcase name="LoginPageUnautorizedAccessTest" time="6.935" classname="FrameworkBuilding.E2E_Project.LoginPageTestCases"/>
</testsuite> <!-- FrameworkBuilding.E2E_Project.LoginPageTestCases -->
