<?xml version="1.0" encoding="UTF-8"?>
<!-- Generated by org.testng.reporters.JUnitReportReporter -->
<testsuite hostname="DESKTOP-AN1HL9O" name="FrameworkBuilding.E2E_Project.LoginPageTestCases" tests="2" failures="0" timestamp="5 Jun 2021 14:19:43 GMT" time="64.576" errors="0">
  <testcase name="LoginPageUnautorizedAccessTest" time="10.727" classname="FrameworkBuilding.E2E_Project.LoginPageTestCases"/>
  <testcase name="LoginPageUnautorizedAccessTest" time="53.849" classname="FrameworkBuilding.E2E_Project.LoginPageTestCases"/>
</testsuite> <!-- FrameworkBuilding.E2E_Project.LoginPageTestCases -->
