<?xml version="1.0" encoding="UTF-8"?>
<!-- Generated by org.testng.reporters.JUnitReportReporter -->
<testsuite skipped="0" hostname="DESKTOP-AN1HL9O" name="FrameworkBuilding.E2E_Project.HomePageNavigation" tests="5" failures="0" timestamp="23 May 2021 11:43:31 GMT" time="77.575" errors="0">
  <testcase name="OpenQaClickHomePage" time="74.232" classname="FrameworkBuilding.E2E_Project.HomePageNavigation"/>
  <testcase name="getTitleOfPage" time="0.332" classname="FrameworkBuilding.E2E_Project.HomePageNavigation"/>
  <testcase name="navToLoginPageTest" time="1.746" classname="FrameworkBuilding.E2E_Project.HomePageNavigation"/>
  <testcase name="LoginPageValidationTest" time="0.580" classname="FrameworkBuilding.E2E_Project.HomePageNavigation"/>
  <testcase name="LoginPageValidationTest" time="0.685" classname="FrameworkBuilding.E2E_Project.HomePageNavigation"/>
</testsuite> <!-- FrameworkBuilding.E2E_Project.HomePageNavigation -->
