<?xml version="1.0" encoding="UTF-8"?>
<!-- Generated by org.testng.reporters.JUnitReportReporter -->
<testsuite hostname="DESKTOP-AN1HL9O" name="cucumberOptions.TestRunner" tests="1" failures="0" timestamp="1 Jun 2021 12:47:16 GMT" time="64.221" errors="0">
  <testcase name="feature" time="64.221" classname="cucumberOptions.TestRunner"/>
</testsuite> <!-- cucumberOptions.TestRunner -->
